+------------------------------+
| CosmoFlow                    |
| # Ranks =     1              |
| Global Batch =      1        |
| # Parameters =   7041186     |
| CPE Plugin Pipeline Enabled  |
+------------------------------+
Rank 0 has waited a total of 0.017701 seconds for communication to complete so far on team 0 (calls = 0)
Train Step: 0, Samples/Sec = 0.0771146474356, Samples/Sec(inst) = 0.0771146474356, Loss = 1.0256983
Train Step: 1, Samples/Sec = 0.152195139652, Samples/Sec(inst) = 5.76970450634, Loss = 0.5658295
Train Step: 2, Samples/Sec = 0.225334101823, Samples/Sec(inst) = 5.79575920463, Loss = 0.6553217
Train Step: 3, Samples/Sec = 0.296658790112, Samples/Sec(inst) = 5.88442997839, Loss = 2.9218054
Train Step: 4, Samples/Sec = 0.365967343351, Samples/Sec(inst) = 5.58917851427, Loss = 2.7670588
Train Step: 5, Samples/Sec = 0.433710147582, Samples/Sec(inst) = 5.82401475199, Loss = 2.0865455
Train Step: 6, Samples/Sec = 0.499797477362, Samples/Sec(inst) = 5.82924361526, Loss = 2.2132132
Train Step: 7, Samples/Sec = 0.564291819773, Samples/Sec(inst) = 5.83468478432, Loss = 2.2256413
Train Step: 8, Samples/Sec = 0.627300760738, Samples/Sec(inst) = 5.87809649806, Loss = 0.5827625
Train Step: 9, Samples/Sec = 0.688601811305, Samples/Sec(inst) = 5.71441962108, Loss = 1.6003072
Train Step: 10, Samples/Sec = 0.748624550363, Samples/Sec(inst) = 5.83318359706, Loss = 1.2559774
Train Step: 11, Samples/Sec = 0.807258616406, Samples/Sec(inst) = 5.83053203571, Loss = 1.4363462
Train Step: 12, Samples/Sec = 0.86455653757, Samples/Sec(inst) = 5.83138319171, Loss = 0.42892265
Train Step: 13, Samples/Sec = 0.920563550495, Samples/Sec(inst) = 5.83209673293, Loss = 1.0325211
Train Step: 14, Samples/Sec = 0.975323378583, Samples/Sec(inst) = 5.83298079317, Loss = 0.75771564
Train Step: 15, Samples/Sec = 1.02887576211, Samples/Sec(inst) = 5.83294834585, Loss = 1.1296992
Train Step: 16, Samples/Sec = 1.08126237065, Samples/Sec(inst) = 5.8339949537, Loss = 2.0538054
Train Step: 17, Samples/Sec = 1.13251334322, Samples/Sec(inst) = 5.83127779701, Loss = 0.46824068
Train Step: 18, Samples/Sec = 1.18266758181, Samples/Sec(inst) = 5.83008629126, Loss = 1.4067284
Train Step: 19, Samples/Sec = 1.2317778048, Samples/Sec(inst) = 5.83709641505, Loss = 1.6131802
Train Step: 20, Samples/Sec = 1.27985275132, Samples/Sec(inst) = 5.83284289457, Loss = 1.1062257
Train Step: 21, Samples/Sec = 1.32694176888, Samples/Sec(inst) = 5.83638164999, Loss = 0.70074
Train Step: 22, Samples/Sec = 1.37305755942, Samples/Sec(inst) = 5.83226703562, Loss = 1.4547639
Train Step: 23, Samples/Sec = 1.41825267496, Samples/Sec(inst) = 5.83788448396, Loss = 2.1335087
Train Step: 24, Samples/Sec = 1.46253931397, Samples/Sec(inst) = 5.83682023507, Loss = 0.7740202
Train Step: 25, Samples/Sec = 1.50593517287, Samples/Sec(inst) = 5.83220215723, Loss = 0.8270994
Train Step: 26, Samples/Sec = 1.54846733792, Samples/Sec(inst) = 5.82828779706, Loss = 0.86741185
Train Step: 27, Samples/Sec = 1.59018642607, Samples/Sec(inst) = 5.8342384047, Loss = 1.1789825
Train Step: 28, Samples/Sec = 1.63109019372, Samples/Sec(inst) = 5.83018353878, Loss = 1.0139878
Train Step: 29, Samples/Sec = 1.67121930904, Samples/Sec(inst) = 5.83274555831, Loss = 1.9775829
Train Step: 30, Samples/Sec = 1.71059526806, Samples/Sec(inst) = 5.83495264488, Loss = 1.1209034
Train Step: 31, Samples/Sec = 1.74923612334, Samples/Sec(inst) = 5.83590253052, Loss = 0.8455392
Train Step: 32, Samples/Sec = 1.78715063113, Samples/Sec(inst) = 5.83267255825, Loss = 0.7273492
Train Step: 33, Samples/Sec = 1.82436059226, Samples/Sec(inst) = 5.83025647655, Loss = 1.5750259
Train Step: 34, Samples/Sec = 1.86089566394, Samples/Sec(inst) = 5.83155345273, Loss = 0.9699515
Train Step: 35, Samples/Sec = 1.89677371604, Samples/Sec(inst) = 5.83263200345, Loss = 1.0136352
Train Step: 36, Samples/Sec = 1.93200162887, Samples/Sec(inst) = 5.83002146138, Loss = 0.44699833
Train Step: 37, Samples/Sec = 1.96662903075, Samples/Sec(inst) = 5.83835580209, Loss = 0.8024221
Train Step: 38, Samples/Sec = 2.00062977001, Samples/Sec(inst) = 5.83233191545, Loss = 1.8774209
Train Step: 39, Samples/Sec = 2.03404351175, Samples/Sec(inst) = 5.83427086637, Loss = 0.45443568
Train Step: 40, Samples/Sec = 2.0668764691, Samples/Sec(inst) = 5.83317548464, Loss = 1.01586
Train Step: 41, Samples/Sec = 2.09913318189, Samples/Sec(inst) = 5.82876566697, Loss = 1.2841293
Train Step: 42, Samples/Sec = 2.13085672717, Samples/Sec(inst) = 5.83369472544, Loss = 0.35247022
Train Step: 43, Samples/Sec = 2.16203737032, Samples/Sec(inst) = 5.83097784834, Loss = 1.7198441
Train Step: 44, Samples/Sec = 2.19272880953, Samples/Sec(inst) = 5.84115277114, Loss = 1.5740036
Train Step: 45, Samples/Sec = 2.22288740307, Samples/Sec(inst) = 5.833216047, Loss = 0.3421455
Train Step: 46, Samples/Sec = 2.25256864461, Samples/Sec(inst) = 5.83896537803, Loss = 0.6987252
Train Step: 47, Samples/Sec = 2.28175521934, Samples/Sec(inst) = 5.83539101521, Loss = 0.8393308
Train Step: 48, Samples/Sec = 2.31045837374, Samples/Sec(inst) = 5.83172372369, Loss = 0.25145558
Train Step: 49, Samples/Sec = 2.33870777082, Samples/Sec(inst) = 5.83380020752, Loss = 0.67007357
Train Step: 50, Samples/Sec = 2.36665314153, Samples/Sec(inst) = 5.87920057638, Loss = 1.5299044
Train Step: 51, Samples/Sec = 2.39364461028, Samples/Sec(inst) = 5.7216380651, Loss = 0.71760964
Train Step: 52, Samples/Sec = 2.4205663605, Samples/Sec(inst) = 5.83062929811, Loss = 0.4445643
Train Step: 53, Samples/Sec = 2.44707584794, Samples/Sec(inst) = 5.83253467423, Loss = 0.80395734
Train Step: 54, Samples/Sec = 2.47318670591, Samples/Sec(inst) = 5.83563458274, Loss = 0.6969443
Train Step: 55, Samples/Sec = 2.49888082799, Samples/Sec(inst) = 5.83032131166, Loss = 0.9220174
Train Step: 56, Samples/Sec = 2.52418833744, Samples/Sec(inst) = 5.83144805188, Loss = 0.6903664
Train Step: 57, Samples/Sec = 2.5491219861, Samples/Sec(inst) = 5.83375963704, Loss = 1.3261533
Train Step: 58, Samples/Sec = 2.57367635645, Samples/Sec(inst) = 5.83182102585, Loss = 1.4391935
Train Step: 59, Samples/Sec = 2.59787894285, Samples/Sec(inst) = 5.83569953752, Loss = 0.8197472
Train Step: 60, Samples/Sec = 2.62171761733, Samples/Sec(inst) = 5.833459433, Loss = 1.1435676
Train Step: 61, Samples/Sec = 2.64518848623, Samples/Sec(inst) = 5.82770473991, Loss = 1.5027256
Train Step: 62, Samples/Sec = 2.66832873012, Samples/Sec(inst) = 5.83087246829, Loss = 0.3085205
Train Step: 63, Samples/Sec = 2.69113500921, Samples/Sec(inst) = 5.83080762093, Loss = 0.66310686
Train Step: 64, Samples/Sec = 2.71362329676, Samples/Sec(inst) = 5.83338641506, Loss = 0.9380553
Train Step: 65, Samples/Sec = 2.73579209392, Samples/Sec(inst) = 5.83341886725, Loss = 0.83726305
Train Step: 66, Samples/Sec = 2.75764283502, Samples/Sec(inst) = 5.83185346062, Loss = 1.4705918
Train Step: 67, Samples/Sec = 2.77919811575, Samples/Sec(inst) = 5.83509064325, Loss = 0.80766076
Train Step: 68, Samples/Sec = 2.80044863383, Samples/Sec(inst) = 5.83362170161, Loss = 0.93272865
Train Step: 69, Samples/Sec = 2.82141119646, Samples/Sec(inst) = 5.8353260673, Loss = 1.0048884
Train Step: 70, Samples/Sec = 2.84206646759, Samples/Sec(inst) = 5.82943805733, Loss = 1.121987
Train Step: 71, Samples/Sec = 2.86245015284, Samples/Sec(inst) = 5.83246978988, Loss = 1.6042984
Train Step: 72, Samples/Sec = 2.88254757607, Samples/Sec(inst) = 5.82940564942, Loss = 0.92478275
Train Step: 73, Samples/Sec = 2.90240200037, Samples/Sec(inst) = 5.8376082294, Loss = 0.50764185
Train Step: 74, Samples/Sec = 2.92199176278, Samples/Sec(inst) = 5.83771385306, Loss = 0.8712326
Train Step: 75, Samples/Sec = 2.94130194204, Samples/Sec(inst) = 5.83178048289, Loss = 0.7740026
Train Step: 76, Samples/Sec = 2.96036107008, Samples/Sec(inst) = 5.83284289457, Loss = 0.608057
Train Step: 77, Samples/Sec = 2.97917105419, Samples/Sec(inst) = 5.83298079317, Loss = 0.55048597
Train Step: 78, Samples/Sec = 2.99774617629, Samples/Sec(inst) = 5.83593501071, Loss = 0.6477085
Train Step: 79, Samples/Sec = 3.01605495114, Samples/Sec(inst) = 5.82805294056, Loss = 0.5322958
Train Step: 80, Samples/Sec = 3.034130408, Samples/Sec(inst) = 5.82866036687, Loss = 1.1744773
Train Step: 81, Samples/Sec = 3.05200318737, Samples/Sec(inst) = 5.83709641505, Loss = 1.1848973
Train Step: 82, Samples/Sec = 3.06963868391, Samples/Sec(inst) = 5.83385700715, Loss = 1.8904557
Train Step: 83, Samples/Sec = 3.08706142947, Samples/Sec(inst) = 5.83669027706, Loss = 0.47966856
Train Step: 84, Samples/Sec = 3.1042468712, Samples/Sec(inst) = 5.83090489252, Loss = 0.57100284
Train Step: 85, Samples/Sec = 3.12123614989, Samples/Sec(inst) = 5.83624359055, Loss = 1.3814223
Train Step: 86, Samples/Sec = 3.13800795938, Samples/Sec(inst) = 5.8339949537, Loss = 1.1612935
Train Step: 87, Samples/Sec = 3.15456147114, Samples/Sec(inst) = 5.83032941615, Loss = 0.3544081
Train Step: 88, Samples/Sec = 3.17093060993, Samples/Sec(inst) = 5.83573201545, Loss = 0.35022587
Train Step: 89, Samples/Sec = 3.18709963411, Samples/Sec(inst) = 5.83529359389, Loss = 0.14397378
Train Step: 90, Samples/Sec = 3.20305937496, Samples/Sec(inst) = 5.83100216735, Loss = 0.704285
Train Step: 91, Samples/Sec = 3.21881905377, Samples/Sec(inst) = 5.82842548035, Loss = 0.99676067
Train Step: 92, Samples/Sec = 3.23439513437, Samples/Sec(inst) = 5.82977836217, Loss = 0.5109253
Train Step: 93, Samples/Sec = 3.24977830408, Samples/Sec(inst) = 5.82730800384, Loss = 1.3500211
Train Step: 94, Samples/Sec = 3.26498810004, Samples/Sec(inst) = 5.82975405336, Loss = 0.20522559
Train Step: 95, Samples/Sec = 3.28004526419, Samples/Sec(inst) = 5.83754323213, Loss = 1.1324925
Train Step: 96, Samples/Sec = 3.2949116378, Samples/Sec(inst) = 5.83281044879, Loss = 0.20763485
Train Step: 97, Samples/Sec = 3.30960775329, Samples/Sec(inst) = 5.83338641506, Loss = 1.2712228
Train Step: 98, Samples/Sec = 3.32415411254, Samples/Sec(inst) = 5.83931492565, Loss = 1.042032
Train Step: 99, Samples/Sec = 3.33850950526, Samples/Sec(inst) = 5.83178859143, Loss = 1.5214088
Rank 0 has waited a total of 0.017714 seconds for communication to complete so far on team 0 (calls = 100)
Train Step: 100, Samples/Sec = 3.35270593138, Samples/Sec(inst) = 5.83315114749, Loss = 1.0440328
Train Step: 101, Samples/Sec = 3.36674357579, Samples/Sec(inst) = 5.83372718106, Loss = 0.7169012
Train Step: 102, Samples/Sec = 3.38063180841, Samples/Sec(inst) = 5.83634916483, Loss = 1.0265926
Train Step: 103, Samples/Sec = 3.39437313493, Samples/Sec(inst) = 5.83894099255, Loss = 1.2189245
Train Step: 104, Samples/Sec = 3.40793083955, Samples/Sec(inst) = 5.82944615936, Loss = 0.16273102
Train Step: 105, Samples/Sec = 3.42136710849, Samples/Sec(inst) = 5.83829078817, Loss = 0.88900006
Train Step: 106, Samples/Sec = 3.43464461542, Samples/Sec(inst) = 5.83488770672, Loss = 1.1005735
Train Step: 107, Samples/Sec = 3.44778100691, Samples/Sec(inst) = 5.83617862366, Loss = 0.63413966
Train Step: 108, Samples/Sec = 3.46077216272, Samples/Sec(inst) = 5.83546408333, Loss = 0.45772123
Train Step: 109, Samples/Sec = 3.47362271626, Samples/Sec(inst) = 5.83546408333, Loss = 1.2989638
Train Step: 110, Samples/Sec = 3.48634992326, Samples/Sec(inst) = 5.84012798895, Loss = 0.7159444
Train Step: 111, Samples/Sec = 3.4989334355, Samples/Sec(inst) = 5.83777885413, Loss = 0.19468498
Train Step: 112, Samples/Sec = 3.51136748035, Samples/Sec(inst) = 5.83294023408, Loss = 1.2241945
Train Step: 113, Samples/Sec = 3.52367008406, Samples/Sec(inst) = 5.83304568888, Loss = 0.4073041
Train Step: 114, Samples/Sec = 3.53597627529, Samples/Sec(inst) = 5.8750583051, Loss = 1.4245079
Train Step: 115, Samples/Sec = 3.5476502673, Samples/Sec(inst) = 5.71898554677, Loss = 0.3775655
Train Step: 116, Samples/Sec = 3.55957257876, Samples/Sec(inst) = 5.83375963704, Loss = 1.1584189
Train Step: 117, Samples/Sec = 3.57136814208, Samples/Sec(inst) = 5.8328023374, Loss = 1.4025487
Train Step: 118, Samples/Sec = 3.58305187956, Samples/Sec(inst) = 5.83594313081, Loss = 1.2610383
Train Step: 119, Samples/Sec = 3.59460812723, Samples/Sec(inst) = 5.83355679308, Loss = 0.79546463
Train Step: 120, Samples/Sec = 3.60605921319, Samples/Sec(inst) = 5.83764885343, Loss = 0.5635836
Train Step: 121, Samples/Sec = 3.61737949978, Samples/Sec(inst) = 5.83305380095, Loss = 1.1811634
Train Step: 122, Samples/Sec = 3.62859778726, Samples/Sec(inst) = 5.83703142918, Loss = 0.2249431
Train Step: 123, Samples/Sec = 3.63968434926, Samples/Sec(inst) = 5.83101027373, Loss = 1.0762625
Train Step: 124, Samples/Sec = 3.65064574668, Samples/Sec(inst) = 5.82651469373, Loss = 1.4559215
Train Step: 125, Samples/Sec = 3.6615003926, Samples/Sec(inst) = 5.82734038843, Loss = 1.7916229
Train Step: 126, Samples/Sec = 3.67226035469, Samples/Sec(inst) = 5.83151291349, Loss = 0.31306437
Train Step: 127, Samples/Sec = 3.68291519828, Samples/Sec(inst) = 5.83185346062, Loss = 1.4804288
Train Step: 128, Samples/Sec = 3.69347717099, Samples/Sec(inst) = 5.83563458274, Loss = 1.5347378
Train Step: 129, Samples/Sec = 3.70391701219, Samples/Sec(inst) = 5.82951097645, Loss = 0.8735702
Train Step: 130, Samples/Sec = 3.71426634807, Samples/Sec(inst) = 5.83307813728, Loss = 0.636917
Train Step: 131, Samples/Sec = 3.72452019471, Samples/Sec(inst) = 5.83457927024, Loss = 1.0258328
Train Step: 132, Samples/Sec = 3.73465994146, Samples/Sec(inst) = 5.82958389739, Loss = 0.84056723
Train Step: 133, Samples/Sec = 3.74470851139, Samples/Sec(inst) = 5.83154534483, Loss = 1.6818564
Train Step: 134, Samples/Sec = 3.75468306715, Samples/Sec(inst) = 5.83866463799, Loss = 1.1238873
Train Step: 135, Samples/Sec = 3.76454575418, Samples/Sec(inst) = 5.83301324084, Loss = 1.2227374
Train Step: 136, Samples/Sec = 3.77431140943, Samples/Sec(inst) = 5.83174804893, Loss = 0.6548528
Train Step: 137, Samples/Sec = 3.78398174277, Samples/Sec(inst) = 5.83060498221, Loss = 1.0723772
Train Step: 138, Samples/Sec = 3.79358667531, Samples/Sec(inst) = 5.83886783733, Loss = 0.5520818
Train Step: 139, Samples/Sec = 3.80308861392, Samples/Sec(inst) = 5.83437636929, Loss = 0.8796588
Train Step: 140, Samples/Sec = 3.81249331287, Samples/Sec(inst) = 5.83135076216, Loss = 1.2794428
Train Step: 141, Samples/Sec = 3.82181171346, Samples/Sec(inst) = 5.83152102129, Loss = 0.37526256
Train Step: 142, Samples/Sec = 3.83103874444, Samples/Sec(inst) = 5.82961630729, Loss = 0.26355824
Train Step: 143, Samples/Sec = 3.84018011099, Samples/Sec(inst) = 5.82920310813, Loss = 0.9699538
Train Step: 144, Samples/Sec = 3.84926275027, Samples/Sec(inst) = 5.83737262117, Loss = 1.144396
Train Step: 145, Samples/Sec = 3.85824978322, Samples/Sec(inst) = 5.83290778722, Loss = 0.4798701
Train Step: 146, Samples/Sec = 3.86717285081, Samples/Sec(inst) = 5.83863212741, Loss = 1.441666
Train Step: 147, Samples/Sec = 3.87600217099, Samples/Sec(inst) = 5.83403552745, Loss = 1.0623027
Train Step: 148, Samples/Sec = 3.88475064329, Samples/Sec(inst) = 5.83338641506, Loss = 0.4038107
Train Step: 149, Samples/Sec = 3.89342340585, Samples/Sec(inst) = 5.83410856164, Loss = 1.097351
Train Step: 150, Samples/Sec = 3.90200974726, Samples/Sec(inst) = 5.83087246829, Loss = 0.10969682
Train Step: 151, Samples/Sec = 3.91053017743, Samples/Sec(inst) = 5.83420594339, Loss = 0.851235
Train Step: 152, Samples/Sec = 3.91896404123, Samples/Sec(inst) = 5.83022405954, Loss = 0.6326548
Train Step: 153, Samples/Sec = 3.92733876132, Samples/Sec(inst) = 5.83519617582, Loss = 1.2158891
Train Step: 154, Samples/Sec = 3.93565148624, Samples/Sec(inst) = 5.83890847889, Loss = 1.1269059
Train Step: 155, Samples/Sec = 3.94386032437, Samples/Sec(inst) = 5.82802054805, Loss = 1.5149502
Train Step: 156, Samples/Sec = 3.95200809537, Samples/Sec(inst) = 5.83138319171, Loss = 1.4008374
Train Step: 157, Samples/Sec = 3.96008244261, Samples/Sec(inst) = 5.83022405954, Loss = 1.0949789
Train Step: 158, Samples/Sec = 3.96809222151, Samples/Sec(inst) = 5.83178859143, Loss = 1.7594732
Train Step: 159, Samples/Sec = 3.97604400931, Samples/Sec(inst) = 5.8353260673, Loss = 1.3251319
Train Step: 160, Samples/Sec = 3.98391662913, Samples/Sec(inst) = 5.83127779701, Loss = 0.17962638
Train Step: 161, Samples/Sec = 3.99172567163, Samples/Sec(inst) = 5.83229947535, Loss = 0.9929185
Train Step: 162, Samples/Sec = 3.9994824617, Samples/Sec(inst) = 5.83696644475, Loss = 1.1522452
Train Step: 163, Samples/Sec = 4.00714111604, Samples/Sec(inst) = 5.825438404, Loss = 0.7720443
Train Step: 164, Samples/Sec = 4.01475032596, Samples/Sec(inst) = 5.83049151067, Loss = 0.854227
Train Step: 165, Samples/Sec = 4.02228715816, Samples/Sec(inst) = 5.82730800384, Loss = 1.3106234
Train Step: 166, Samples/Sec = 4.02977263044, Samples/Sec(inst) = 5.83117240612, Loss = 0.7257355
Train Step: 167, Samples/Sec = 4.03719934336, Samples/Sec(inst) = 5.83220215723, Loss = 1.055716
Train Step: 168, Samples/Sec = 4.04457535214, Samples/Sec(inst) = 5.83580509212, Loss = 1.7075331
Train Step: 169, Samples/Sec = 4.05187856179, Samples/Sec(inst) = 5.83138319171, Loss = 1.0375972
Train Step: 170, Samples/Sec = 4.05914089856, Samples/Sec(inst) = 5.83794948883, Loss = 0.66699237
Train Step: 171, Samples/Sec = 4.0663189515, Samples/Sec(inst) = 5.82893577518, Loss = 0.58512956
Train Step: 172, Samples/Sec = 4.07345444873, Samples/Sec(inst) = 5.83440883249, Loss = 1.2847571
Train Step: 173, Samples/Sec = 4.08052836305, Samples/Sec(inst) = 5.83290778722, Loss = 0.68160254
Train Step: 174, Samples/Sec = 4.08755115494, Samples/Sec(inst) = 5.83487958956, Loss = 0.55644053
Train Step: 175, Samples/Sec = 4.09452787019, Samples/Sec(inst) = 5.83842894448, Loss = 1.1296357
Train Step: 176, Samples/Sec = 4.10143010446, Samples/Sec(inst) = 5.83158588453, Loss = 0.63932765
Train Step: 177, Samples/Sec = 4.10829495258, Samples/Sec(inst) = 5.83777885413, Loss = 0.817785
Train Step: 178, Samples/Sec = 4.1152226627, Samples/Sec(inst) = 5.88020614279, Loss = 0.48463508
Train Step: 179, Samples/Sec = 4.12164401846, Samples/Sec(inst) = 5.71902453657, Loss = 0.71074826
Train Step: 180, Samples/Sec = 4.12833756771, Samples/Sec(inst) = 5.83362170161, Loss = 1.0855997
Train Step: 181, Samples/Sec = 4.13498283198, Samples/Sec(inst) = 5.83501758447, Loss = 1.0905629
Train Step: 182, Samples/Sec = 4.14158349786, Samples/Sec(inst) = 5.83754323213, Loss = 1.3370588
Train Step: 183, Samples/Sec = 4.14824885614, Samples/Sec(inst) = 5.88000005608, Loss = 1.4615877
Train Step: 184, Samples/Sec = 4.1544138571, Samples/Sec(inst) = 5.71804215558, Loss = 0.74436873
Train Step: 185, Samples/Sec = 4.160854244, Samples/Sec(inst) = 5.83403552745, Loss = 1.2935503
Train Step: 186, Samples/Sec = 4.1672432815, Samples/Sec(inst) = 5.83324849729, Loss = 0.4746973
Train Step: 187, Samples/Sec = 4.17357304131, Samples/Sec(inst) = 5.82934083467, Loss = 1.5890203
Train Step: 188, Samples/Sec = 4.17985726328, Samples/Sec(inst) = 5.83025647655, Loss = 0.3235563
Train Step: 189, Samples/Sec = 4.18611078974, Samples/Sec(inst) = 5.83645474292, Loss = 1.3855767
Train Step: 190, Samples/Sec = 4.19230201117, Samples/Sec(inst) = 5.83080762093, Loss = 0.37583378
Train Step: 191, Samples/Sec = 4.19843779935, Samples/Sec(inst) = 5.82747802697, Loss = 0.8155377
Train Step: 192, Samples/Sec = 4.20452648922, Samples/Sec(inst) = 5.827024654, Loss = 0.94694144
Train Step: 193, Samples/Sec = 4.21058134785, Samples/Sec(inst) = 5.83131022574, Loss = 0.2256515
Train Step: 194, Samples/Sec = 4.21659523614, Samples/Sec(inst) = 5.83277800337, Loss = 0.18484882
Train Step: 195, Samples/Sec = 4.22255604532, Samples/Sec(inst) = 5.82954338553, Loss = 1.624429
Train Step: 196, Samples/Sec = 4.22848358406, Samples/Sec(inst) = 5.83352433936, Loss = 0.8204745
Train Step: 197, Samples/Sec = 4.23436202713, Samples/Sec(inst) = 5.8314075141, Loss = 0.08222027
Train Step: 198, Samples/Sec = 4.24018902441, Samples/Sec(inst) = 5.82821490853, Loss = 0.58724904
Train Step: 199, Samples/Sec = 4.24597494628, Samples/Sec(inst) = 5.82873326654, Loss = 1.2698468
Rank 0 has waited a total of 0.017727 seconds for communication to complete so far on team 0 (calls = 200)
Train Step: 200, Samples/Sec = 4.25172434103, Samples/Sec(inst) = 5.83079951511, Loss = 0.8474204
Train Step: 201, Samples/Sec = 4.25743270634, Samples/Sec(inst) = 5.83100216735, Loss = 1.317898
Train Step: 202, Samples/Sec = 4.26310336921, Samples/Sec(inst) = 5.83229947535, Loss = 1.155319
Train Step: 203, Samples/Sec = 4.26872207578, Samples/Sec(inst) = 5.82801244998, Loss = 0.13888979
Train Step: 204, Samples/Sec = 4.27431154343, Samples/Sec(inst) = 5.83219404753, Loss = 0.46481434
Train Step: 205, Samples/Sec = 4.27985122447, Samples/Sec(inst) = 5.82838498459, Loss = 0.609601
Train Step: 206, Samples/Sec = 4.28535626888, Samples/Sec(inst) = 5.83019164289, Loss = 0.7763754
Train Step: 207, Samples/Sec = 4.29081784014, Samples/Sec(inst) = 5.82845787737, Loss = 1.0881915
Train Step: 208, Samples/Sec = 4.29623610732, Samples/Sec(inst) = 5.82661991632, Loss = 0.7992875
Train Step: 209, Samples/Sec = 4.30162104671, Samples/Sec(inst) = 5.82845787737, Loss = 1.4182982
Train Step: 210, Samples/Sec = 4.30697178967, Samples/Sec(inst) = 5.82981887729, Loss = 1.163434
Train Step: 211, Samples/Sec = 4.31229519031, Samples/Sec(inst) = 5.83369472544, Loss = 1.2569336
Train Step: 212, Samples/Sec = 4.31759025596, Samples/Sec(inst) = 5.83706392193, Loss = 0.8614958
Train Step: 213, Samples/Sec = 4.32282743694, Samples/Sec(inst) = 5.82878996754, Loss = 1.236151
Train Step: 214, Samples/Sec = 4.32802044628, Samples/Sec(inst) = 5.82567304981, Loss = 0.77391535
Train Step: 215, Samples/Sec = 4.33318073745, Samples/Sec(inst) = 5.82686275218, Loss = 1.0589077
Train Step: 216, Samples/Sec = 4.33831360024, Samples/Sec(inst) = 5.82998904698, Loss = 1.3922682
Train Step: 217, Samples/Sec = 4.34340420006, Samples/Sec(inst) = 5.82717037333, Loss = 1.3581483
Train Step: 218, Samples/Sec = 4.34846484236, Samples/Sec(inst) = 5.82903298432, Loss = 1.354708
Train Step: 219, Samples/Sec = 4.3534933634, Samples/Sec(inst) = 5.82991611589, Loss = 0.7147643
Train Step: 220, Samples/Sec = 4.35848874432, Samples/Sec(inst) = 5.83026458086, Loss = 1.1393673
Train Step: 221, Samples/Sec = 4.36346663879, Samples/Sec(inst) = 5.83669027706, Loss = 1.3535852
Train Step: 222, Samples/Sec = 4.36840897707, Samples/Sec(inst) = 5.83583757122, Loss = 0.4007061
Train Step: 223, Samples/Sec = 4.37330033214, Samples/Sec(inst) = 5.82870086646, Loss = 1.1872712
Train Step: 224, Samples/Sec = 4.37815533202, Samples/Sec(inst) = 5.82722704393, Loss = 0.7899951
Train Step: 225, Samples/Sec = 4.38297880624, Samples/Sec(inst) = 5.8275428003, Loss = 1.2973604
Train Step: 226, Samples/Sec = 4.38777333585, Samples/Sec(inst) = 5.82876566697, Loss = 1.5732805
Train Step: 227, Samples/Sec = 4.39252830261, Samples/Sec(inst) = 5.82560831804, Loss = 0.5333328
Train Step: 228, Samples/Sec = 4.39725437937, Samples/Sec(inst) = 5.82659563384, Loss = 1.1391754
Train Step: 229, Samples/Sec = 4.40195209975, Samples/Sec(inst) = 5.8276804484, Loss = 1.2888303
Train Step: 230, Samples/Sec = 4.40663343529, Samples/Sec(inst) = 5.833491886, Loss = 0.87768734
Train Step: 231, Samples/Sec = 4.41128743302, Samples/Sec(inst) = 5.83478218531, Loss = 0.8583051
Train Step: 232, Samples/Sec = 4.41590978002, Samples/Sec(inst) = 5.83420594339, Loss = 1.3248265
Train Step: 233, Samples/Sec = 4.42048648409, Samples/Sec(inst) = 5.82781000549, Loss = 0.9156602
Train Step: 234, Samples/Sec = 4.42504386384, Samples/Sec(inst) = 5.83199131244, Loss = 0.190388
Train Step: 235, Samples/Sec = 4.4295759132, Samples/Sec(inst) = 5.83362981528, Loss = 0.6623349
Train Step: 236, Samples/Sec = 4.43407100115, Samples/Sec(inst) = 5.83039425288, Loss = 0.8979424
Train Step: 237, Samples/Sec = 4.43853618814, Samples/Sec(inst) = 5.82992421926, Loss = 1.0860631
Train Step: 238, Samples/Sec = 4.44297809759, Samples/Sec(inst) = 5.83206429545, Loss = 1.1529396
Train Step: 239, Samples/Sec = 4.44739160275, Samples/Sec(inst) = 5.83199131244, Loss = 1.9125568
Train Step: 240, Samples/Sec = 4.45178701133, Samples/Sec(inst) = 5.83607305555, Loss = 0.34723228
Train Step: 241, Samples/Sec = 4.45613852394, Samples/Sec(inst) = 5.82937324186, Loss = 0.2917903
Train Step: 242, Samples/Sec = 4.4605788999, Samples/Sec(inst) = 5.87803059606, Loss = 0.7794131
Train Step: 243, Samples/Sec = 4.46459097823, Samples/Sec(inst) = 5.71333764686, Loss = 0.9419
Train Step: 244, Samples/Sec = 4.46887560218, Samples/Sec(inst) = 5.83529359389, Loss = 0.35207862
Train Step: 245, Samples/Sec = 4.47312190739, Samples/Sec(inst) = 5.83043477656, Loss = 1.5227606
Train Step: 246, Samples/Sec = 4.47733927412, Samples/Sec(inst) = 5.82937324186, Loss = 0.9936741
Train Step: 247, Samples/Sec = 4.48153414295, Samples/Sec(inst) = 5.83090489252, Loss = 1.2374701
Train Step: 248, Samples/Sec = 4.485697504, Samples/Sec(inst) = 5.82855507057, Loss = 1.1977327
Train Step: 249, Samples/Sec = 4.48983472757, Samples/Sec(inst) = 5.82835258838, Loss = 1.1066549
Train Step: 250, Samples/Sec = 4.49394355939, Samples/Sec(inst) = 5.82709751276, Loss = 0.7101476
Train Step: 251, Samples/Sec = 4.49802522846, Samples/Sec(inst) = 5.82625570047, Loss = 1.1297724
Train Step: 252, Samples/Sec = 4.5020904263, Samples/Sec(inst) = 5.82984318664, Loss = 1.1299727
Train Step: 253, Samples/Sec = 4.50612842401, Samples/Sec(inst) = 5.82879806777, Loss = 1.0696311
Train Step: 254, Samples/Sec = 4.5101464615, Samples/Sec(inst) = 5.83073466937, Loss = 1.0042367
Train Step: 255, Samples/Sec = 4.51414425751, Samples/Sec(inst) = 5.83246978988, Loss = 0.52052295
Train Step: 256, Samples/Sec = 4.51810452658, Samples/Sec(inst) = 5.82672514271, Loss = 1.0853302
Train Step: 257, Samples/Sec = 4.52204508951, Samples/Sec(inst) = 5.82849027474, Loss = 1.382666
Train Step: 258, Samples/Sec = 4.52595625345, Samples/Sec(inst) = 5.8260129152, Loss = 0.7370867
Train Step: 259, Samples/Sec = 4.5298530192, Samples/Sec(inst) = 5.82988370267, Loss = 0.6258723
Train Step: 260, Samples/Sec = 4.53373050653, Samples/Sec(inst) = 5.83158588453, Loss = 1.4212716
Train Step: 261, Samples/Sec = 4.53757756173, Samples/Sec(inst) = 5.82838498459, Loss = 1.1291635
Train Step: 262, Samples/Sec = 4.54141193659, Samples/Sec(inst) = 5.83276989207, Loss = 1.5291514
Train Step: 263, Samples/Sec = 4.54521524234, Samples/Sec(inst) = 5.82910589331, Loss = 1.604861
Train Step: 264, Samples/Sec = 4.549009031, Samples/Sec(inst) = 5.83471725095, Loss = 0.9698224
Train Step: 265, Samples/Sec = 4.55276443592, Samples/Sec(inst) = 5.8276804484, Loss = 0.4320612
Train Step: 266, Samples/Sec = 4.55649751279, Samples/Sec(inst) = 5.82753470355, Loss = 1.3319125
Train Step: 267, Samples/Sec = 4.5602109724, Samples/Sec(inst) = 5.82849027474, Loss = 1.5887692
Train Step: 268, Samples/Sec = 4.56389924995, Samples/Sec(inst) = 5.82692751183, Loss = 1.4384966
Train Step: 269, Samples/Sec = 4.56756928031, Samples/Sec(inst) = 5.82832019254, Loss = 1.125495
Train Step: 270, Samples/Sec = 4.57122238771, Samples/Sec(inst) = 5.83022405954, Loss = 0.536683
Train Step: 271, Samples/Sec = 4.57485726131, Samples/Sec(inst) = 5.8314804825, Loss = 0.3128017
Train Step: 272, Samples/Sec = 4.57847920949, Samples/Sec(inst) = 5.83501758447, Loss = 0.6133243
Train Step: 273, Samples/Sec = 4.58205573392, Samples/Sec(inst) = 5.82407944835, Loss = 1.1644052
Train Step: 274, Samples/Sec = 4.58563600708, Samples/Sec(inst) = 5.83484712111, Loss = 1.4395919
Train Step: 275, Samples/Sec = 4.58917291544, Samples/Sec(inst) = 5.82462133679, Loss = 1.2098627
Train Step: 276, Samples/Sec = 4.59272053321, Samples/Sec(inst) = 5.83839643653, Loss = 1.5189335
Train Step: 277, Samples/Sec = 4.59623254991, Samples/Sec(inst) = 5.83144805188, Loss = 1.5490333
Train Step: 278, Samples/Sec = 4.59973071109, Samples/Sec(inst) = 5.83414102186, Loss = 0.812111
Train Step: 279, Samples/Sec = 4.60320551269, Samples/Sec(inst) = 5.83250223188, Loss = 0.124162
Train Step: 280, Samples/Sec = 4.60665919608, Samples/Sec(inst) = 5.83178859143, Loss = 1.4321437
Train Step: 281, Samples/Sec = 4.61010715461, Samples/Sec(inst) = 5.83794948883, Loss = 0.20700501
Train Step: 282, Samples/Sec = 4.61353053086, Samples/Sec(inst) = 5.83553715329, Loss = 0.6118448
Train Step: 283, Samples/Sec = 4.61691658049, Samples/Sec(inst) = 5.8272675236, Loss = 0.73054516
Train Step: 284, Samples/Sec = 4.62030034449, Samples/Sec(inst) = 5.83478218531, Loss = 0.47384304
Train Step: 285, Samples/Sec = 4.62365737336, Samples/Sec(inst) = 5.83114808569, Loss = 0.72553486
Train Step: 286, Samples/Sec = 4.6269957503, Samples/Sec(inst) = 5.83110755209, Loss = 0.867965
Train Step: 287, Samples/Sec = 4.63032079431, Samples/Sec(inst) = 5.83342698036, Loss = 1.2279081
Train Step: 288, Samples/Sec = 4.63363623962, Samples/Sec(inst) = 5.83740511773, Loss = 0.530532
Train Step: 289, Samples/Sec = 4.63693338064, Samples/Sec(inst) = 5.83734012498, Loss = 1.6417447
Train Step: 290, Samples/Sec = 4.64020125326, Samples/Sec(inst) = 5.83216160897, Loss = 0.18004343
Train Step: 291, Samples/Sec = 4.64345440373, Samples/Sec(inst) = 5.83358924717, Loss = 0.5716405
Train Step: 292, Samples/Sec = 4.64669157062, Samples/Sec(inst) = 5.83437636929, Loss = 0.49883407
Train Step: 293, Samples/Sec = 4.64990897739, Samples/Sec(inst) = 5.83335396324, Loss = 1.0868925
Train Step: 294, Samples/Sec = 4.65310259757, Samples/Sec(inst) = 5.83039425288, Loss = 0.795547
Train Step: 295, Samples/Sec = 4.65627283761, Samples/Sec(inst) = 5.8275428003, Loss = 0.26491725
Train Step: 296, Samples/Sec = 4.65943463536, Samples/Sec(inst) = 5.83155345273, Loss = 0.9586137
Train Step: 297, Samples/Sec = 4.66259113749, Samples/Sec(inst) = 5.83699893678, Loss = 1.4645112
Train Step: 298, Samples/Sec = 4.6657345294, Samples/Sec(inst) = 5.83876217191, Loss = 1.433578
Train Step: 299, Samples/Sec = 4.66885442535, Samples/Sec(inst) = 5.8356021059, Loss = 1.2949617
Rank 0 has waited a total of 0.017739 seconds for communication to complete so far on team 0 (calls = 300)
Train Step: 300, Samples/Sec = 4.67195966116, Samples/Sec(inst) = 5.83651159425, Loss = 1.4279141
Train Step: 301, Samples/Sec = 4.67505401532, Samples/Sec(inst) = 5.83914421112, Loss = 1.7071626
Train Step: 302, Samples/Sec = 4.67812578927, Samples/Sec(inst) = 5.83621110692, Loss = 1.0455096
Train Step: 303, Samples/Sec = 4.68118381131, Samples/Sec(inst) = 5.83737262117, Loss = 1.2821186
Train Step: 304, Samples/Sec = 4.68420997938, Samples/Sec(inst) = 5.82991611589, Loss = 1.1398437
Train Step: 305, Samples/Sec = 4.6872359767, Samples/Sec(inst) = 5.83737262117, Loss = 0.54737866
Train Step: 306, Samples/Sec = 4.69033575972, Samples/Sec(inst) = 5.88030506954, Loss = 1.4484515
Train Step: 307, Samples/Sec = 4.6930755009, Samples/Sec(inst) = 5.71856449075, Loss = 1.4240737
Train Step: 308, Samples/Sec = 4.69603653757, Samples/Sec(inst) = 5.82872516648, Loss = 1.2099807
Train Step: 309, Samples/Sec = 4.69898259804, Samples/Sec(inst) = 5.82892767456, Loss = 0.7599229
Train Step: 310, Samples/Sec = 4.70191473177, Samples/Sec(inst) = 5.82957579498, Loss = 0.9599668
Train Step: 311, Samples/Sec = 4.70483085042, Samples/Sec(inst) = 5.82917070283, Loss = 0.9126799
Train Step: 312, Samples/Sec = 4.70772830778, Samples/Sec(inst) = 5.82743754437, Loss = 0.9835954
Train Step: 313, Samples/Sec = 4.71062449436, Samples/Sec(inst) = 5.8340030684, Loss = 1.0313067
Train Step: 314, Samples/Sec = 4.71350659773, Samples/Sec(inst) = 5.83437636929, Loss = 0.83217716
Train Step: 315, Samples/Sec = 4.71637283091, Samples/Sec(inst) = 5.83383266431, Loss = 0.33306205
Train Step: 316, Samples/Sec = 4.71921584274, Samples/Sec(inst) = 5.82967302547, Loss = 0.5162239
Train Step: 317, Samples/Sec = 4.72204656128, Samples/Sec(inst) = 5.83073466937, Loss = 0.7552284
Train Step: 318, Samples/Sec = 4.72486933884, Samples/Sec(inst) = 5.83386512147, Loss = 1.4390414
Train Step: 319, Samples/Sec = 4.72767473853, Samples/Sec(inst) = 5.83236435591, Loss = 1.4652729
Train Step: 320, Samples/Sec = 4.73047403895, Samples/Sec(inst) = 5.83630855888, Loss = 1.0407674
Train Step: 321, Samples/Sec = 4.73325500847, Samples/Sec(inst) = 5.8342384047, Loss = 0.9113908
Train Step: 322, Samples/Sec = 4.73600997984, Samples/Sec(inst) = 5.82835258838, Loss = 1.0331764
Train Step: 323, Samples/Sec = 4.73876227837, Samples/Sec(inst) = 5.83382455008, Loss = 0.8476989
Train Step: 324, Samples/Sec = 4.7415050496, Samples/Sec(inst) = 5.83591065053, Loss = 0.5147836
Train Step: 325, Samples/Sec = 4.74422999352, Samples/Sec(inst) = 5.83386512147, Loss = 0.7376819
Train Step: 326, Samples/Sec = 4.74694178699, Samples/Sec(inst) = 5.83406798686, Loss = 0.9411595
Train Step: 327, Samples/Sec = 4.74963592085, Samples/Sec(inst) = 5.83199131244, Loss = 1.3628287
Train Step: 328, Samples/Sec = 4.75231980226, Samples/Sec(inst) = 5.83352433936, Loss = 0.5220653
Train Step: 329, Samples/Sec = 4.75498165305, Samples/Sec(inst) = 5.82917070283, Loss = 0.7508454
Train Step: 330, Samples/Sec = 4.75763830046, Samples/Sec(inst) = 5.83311058604, Loss = 1.1878316
Train Step: 331, Samples/Sec = 4.76029752582, Samples/Sec(inst) = 5.84091687671, Loss = 0.9201942
Train Step: 332, Samples/Sec = 4.76294453955, Samples/Sec(inst) = 5.84132360314, Loss = 0.6476662
Train Step: 333, Samples/Sec = 4.76557719532, Samples/Sec(inst) = 5.84060780251, Loss = 1.4267704
Train Step: 334, Samples/Sec = 4.76819587079, Samples/Sec(inst) = 5.8400304094, Loss = 1.5463749
Train Step: 335, Samples/Sec = 4.77078751967, Samples/Sec(inst) = 5.83284289457, Loss = 1.1541028
Train Step: 336, Samples/Sec = 4.7733527186, Samples/Sec(inst) = 5.82587534586, Loss = 1.5015005
Train Step: 337, Samples/Sec = 4.77591696215, Samples/Sec(inst) = 5.83165885739, Loss = 1.4204274
Train Step: 338, Samples/Sec = 4.77847136295, Samples/Sec(inst) = 5.83294834585, Loss = 1.1571519
Train Step: 339, Samples/Sec = 4.7810138484, Samples/Sec(inst) = 5.83315114749, Loss = 1.0772706
Train Step: 340, Samples/Sec = 4.78353557784, Samples/Sec(inst) = 5.82883046893, Loss = 0.28232732
Train Step: 341, Samples/Sec = 4.78605503526, Samples/Sec(inst) = 5.83382455008, Loss = 0.5917695
Train Step: 342, Samples/Sec = 4.78855542108, Samples/Sec(inst) = 5.83025647655, Loss = 1.5816357
Train Step: 343, Samples/Sec = 4.79104726545, Samples/Sec(inst) = 5.83199131244, Loss = 1.464589
Train Step: 344, Samples/Sec = 4.79352949143, Samples/Sec(inst) = 5.83314303516, Loss = 1.2041996
Train Step: 345, Samples/Sec = 4.79600578481, Samples/Sec(inst) = 5.83614614076, Loss = 1.2941841
Train Step: 346, Samples/Sec = 4.79847512104, Samples/Sec(inst) = 5.83859961719, Loss = 0.75767195
Train Step: 347, Samples/Sec = 4.80092953494, Samples/Sec(inst) = 5.83692583021, Loss = 0.8852028
Train Step: 348, Samples/Sec = 4.80336595894, Samples/Sec(inst) = 5.83362170161, Loss = 0.7738477
Train Step: 349, Samples/Sec = 4.80579229799, Samples/Sec(inst) = 5.83433579079, Loss = 1.3281486
Train Step: 350, Samples/Sec = 4.80819709881, Samples/Sec(inst) = 5.82909779222, Loss = 1.0892079
Train Step: 351, Samples/Sec = 4.81060194043, Samples/Sec(inst) = 5.83495264488, Loss = 1.1966131
Train Step: 352, Samples/Sec = 4.81299613779, Samples/Sec(inst) = 5.83526112083, Loss = 0.27782863
Train Step: 353, Samples/Sec = 4.81538303018, Samples/Sec(inst) = 5.83726700986, Loss = 1.3656607
Train Step: 354, Samples/Sec = 4.81774744441, Samples/Sec(inst) = 5.83134265483, Loss = 1.2743723
Train Step: 355, Samples/Sec = 4.82010036545, Samples/Sec(inst) = 5.83107512561, Loss = 0.8064282
Train Step: 356, Samples/Sec = 4.82246212523, Samples/Sec(inst) = 5.84139681991, Loss = 0.33470866
Train Step: 357, Samples/Sec = 4.82481143672, Samples/Sec(inst) = 5.84058340331, Loss = 1.646791
Train Step: 358, Samples/Sec = 4.82716088735, Samples/Sec(inst) = 5.84634727351, Loss = 0.67492926
Train Step: 359, Samples/Sec = 4.82947382125, Samples/Sec(inst) = 5.8328023374, Loss = 0.9947211
Train Step: 360, Samples/Sec = 4.83178688709, Samples/Sec(inst) = 5.8384614528, Loss = 0.9538443
Train Step: 361, Samples/Sec = 4.83409525124, Samples/Sec(inst) = 5.84156766619, Loss = 1.1886296
Train Step: 362, Samples/Sec = 4.83639476017, Samples/Sec(inst) = 5.84245460029, Loss = 1.9152358
Train Step: 363, Samples/Sec = 4.83868213359, Samples/Sec(inst) = 5.84156766619, Loss = 1.0984352
Train Step: 364, Samples/Sec = 4.84095488012, Samples/Sec(inst) = 5.83931492565, Loss = 0.8409209
Train Step: 365, Samples/Sec = 4.84322346845, Samples/Sec(inst) = 5.84258481512, Loss = 0.70006394
Train Step: 366, Samples/Sec = 4.84547060827, Samples/Sec(inst) = 5.83661717823, Loss = 1.3643961
Train Step: 367, Samples/Sec = 4.84771955647, Samples/Sec(inst) = 5.84299991363, Loss = 1.1391842
Train Step: 368, Samples/Sec = 4.84995958754, Samples/Sec(inst) = 5.84364302582, Loss = 1.063418
Train Step: 369, Samples/Sec = 4.85219117279, Samples/Sec(inst) = 5.8445061583, Loss = 0.75241274
Train Step: 370, Samples/Sec = 4.85449883059, Samples/Sec(inst) = 5.89115772382, Loss = 1.334323
Train Step: 371, Samples/Sec = 4.85648386474, Samples/Sec(inst) = 5.7249884321, Loss = 1.356537
Train Step: 372, Samples/Sec = 4.85867610047, Samples/Sec(inst) = 5.83920924405, Loss = 0.78317624
Train Step: 373, Samples/Sec = 4.86086116794, Samples/Sec(inst) = 5.84060780251, Loss = 0.9175812
Train Step: 374, Samples/Sec = 4.86312035778, Samples/Sec(inst) = 5.88630459769, Loss = 1.0885915
Train Step: 375, Samples/Sec = 4.86506806543, Samples/Sec(inst) = 5.72488684818, Loss = 1.6585686
Train Step: 376, Samples/Sec = 4.86721772684, Samples/Sec(inst) = 5.83695832179, Loss = 1.4869372
Train Step: 377, Samples/Sec = 4.86936192279, Samples/Sec(inst) = 5.83914421112, Loss = 0.61353385
Train Step: 378, Samples/Sec = 4.87150012737, Samples/Sec(inst) = 5.84102262014, Loss = 1.2096968
Train Step: 379, Samples/Sec = 4.87363162456, Samples/Sec(inst) = 5.84248715345, Loss = 0.1873698
Train Step: 380, Samples/Sec = 4.87574884521, Samples/Sec(inst) = 5.83978647479, Loss = 1.1238618
Train Step: 381, Samples/Sec = 4.87785489116, Samples/Sec(inst) = 5.83873778812, Loss = 0.7592651
Train Step: 382, Samples/Sec = 4.87994777252, Samples/Sec(inst) = 5.83656032484, Loss = 1.220916
Train Step: 383, Samples/Sec = 4.88204214651, Samples/Sec(inst) = 5.84238949505, Loss = 1.1197629
Train Step: 384, Samples/Sec = 4.88412444109, Samples/Sec(inst) = 5.8407460685, Loss = 1.8007197
Train Step: 385, Samples/Sec = 4.88619536512, Samples/Sec(inst) = 5.83945313044, Loss = 0.42020953
Train Step: 386, Samples/Sec = 4.88825936152, Samples/Sec(inst) = 5.84057527028, Loss = 0.41700125
Train Step: 387, Samples/Sec = 4.89032079819, Samples/Sec(inst) = 5.84409084576, Loss = 0.7966367
Train Step: 388, Samples/Sec = 4.89235916171, Samples/Sec(inst) = 5.83621922779, Loss = 0.53922594
Train Step: 389, Samples/Sec = 4.8944035499, Samples/Sec(inst) = 5.84443286356, Loss = 1.5588646
Train Step: 390, Samples/Sec = 4.89642948454, Samples/Sec(inst) = 5.8390385357, Loss = 1.7768183
Train Step: 391, Samples/Sec = 4.89844833858, Samples/Sec(inst) = 5.8399247019, Loss = 1.4215
Train Step: 392, Samples/Sec = 4.90045753696, Samples/Sec(inst) = 5.83934744383, Loss = 1.6322048
