total 8.0K
drwxr-xr-x 3 djbard djbard 26 May 22 11:40 .
drwxrwsrwx 6 djbard djbard 98 May 22 11:41 13000-2xDupe
drwxr-xr-x 3 root   root   60 Aug 14 09:20 ..
total 108K
drwxr-xr-x 3 djbard djbard   26 May 22 11:40 ..
drwxrwsr-x 2 djbard djbard   27 May 22 11:41 testval
drwxrwsrwx 6 djbard djbard   98 May 22 11:41 .
-rw-rw-r-- 1 djbard djbard  759 May 22 11:41 moveFiles.py
-rw-rw-r-- 1 djbard djbard  772 May 22 11:41 moveFiles.py~
drwxrwsr-x 2 djbard djbard 4.0K May 22 11:41 test
drwxrwsr-x 2 djbard djbard 8.0K May 22 11:41 val
drwxrwsr-x 2 djbard djbard  76K May 22 11:41 train
  
total 76G
drwxrwsrwx 6 djbard djbard   98 May 22 11:41 ..
drwxrwsr-x 2 djbard djbard 8.0K May 22 11:41 .
-rw-rw-r-- 1 djbard djbard 513M May 22 11:41 2807.tfrecord
-rw-rw-r-- 1 djbard djbard 513M May 22 11:41 2806.tfrecord
-rw-rw-r-- 1 djbard djbard 513M May 22 11:41 2805.tfrecord
-rw-rw-r-- 1 djbard djbard 513M May 22 11:41 2804.tfrecord
-rw-rw-r-- 1 djbard djbard 513M May 22 11:41 2803.tfrecord
-rw-rw-r-- 1 djbard djbard 513M May 22 11:41 2802.tfrecord
-rw-rw-r-- 1 djbard djbard 513M May 22 11:41 2801.tfrecord
-rw-rw-r-- 1 djbard djbard 513M May 22 11:41 2800.tfrecord
-rw-rw-r-- 1 djbard djbard 513M May 22 11:41 2799.tfrecord
-rw-rw-r-- 1 djbard djbard 513M May 22 11:41 2798.tfrecord
-rw-rw-r-- 1 djbard djbard 513M May 22 11:41 2797.tfrecord
-rw-rw-r-- 1 djbard djbard 513M May 22 11:41 2796.tfrecord
-rw-rw-r-- 1 djbard djbard 513M May 22 11:41 2795.tfrecord
-rw-rw-r-- 1 djbard djbard 513M May 22 11:41 2794.tfrecord
-rw-rw-r-- 1 djbard djbard 513M May 22 11:41 2793.tfrecord
-rw-rw-r-- 1 djbard djbard 513M May 22 11:41 2792.tfrecord
-rw-rw-r-- 1 djbard djbard 513M May 22 11:41 2791.tfrecord
-rw-rw-r-- 1 djbard djbard 513M May 22 11:41 2790.tfrecord
-rw-rw-r-- 1 djbard djbard 513M May 22 11:41 2789.tfrecord
-rw-rw-r-- 1 djbard djbard 513M May 22 11:41 2788.tfrecord
-rw-rw-r-- 1 djbard djbard 513M May 22 11:41 2787.tfrecord
-rw-rw-r-- 1 djbard djbard 513M May 22 11:41 2786.tfrecord
-rw-rw-r-- 1 djbard djbard 513M May 22 11:41 2785.tfrecord
-rw-rw-r-- 1 djbard djbard 513M May 22 11:41 2784.tfrecord
-rw-rw-r-- 1 djbard djbard 513M May 22 11:41 2783.tfrecord
-rw-rw-r-- 1 djbard djbard 513M May 22 11:41 2782.tfrecord
-rw-rw-r-- 1 djbard djbard 513M May 22 11:41 2781.tfrecord
-rw-rw-r-- 1 djbard djbard 513M May 22 11:41 2780.tfrecord
-rw-rw-r-- 1 djbard djbard 513M May 22 11:41 2779.tfrecord
-rw-rw-r-- 1 djbard djbard 513M May 22 11:41 2778.tfrecord
-rw-rw-r-- 1 djbard djbard 513M May 22 11:41 2777.tfrecord
-rw-rw-r-- 1 djbard djbard 513M May 22 11:41 2776.tfrecord
-rw-rw-r-- 1 djbard djbard 513M May 22 11:41 2775.tfrecord
-rw-rw-r-- 1 djbard djbard 513M May 22 11:41 2774.tfrecord
-rw-rw-r-- 1 djbard djbard 513M May 22 11:41 2773.tfrecord
-rw-rw-r-- 1 djbard djbard 513M May 22 11:41 2772.tfrecord
-rw-rw-r-- 1 djbard djbard 513M May 22 11:41 2771.tfrecord
-rw-rw-r-- 1 djbard djbard 513M May 22 11:41 2770.tfrecord
-rw-rw-r-- 1 djbard djbard 513M May 22 11:41 2769.tfrecord
-rw-rw-r-- 1 djbard djbard 513M May 22 11:41 2768.tfrecord
-rw-rw-r-- 1 djbard djbard 513M May 22 11:41 2767.tfrecord
-rw-rw-r-- 1 djbard djbard 513M May 22 11:41 2766.tfrecord
-rw-rw-r-- 1 djbard djbard 513M May 22 11:41 2765.tfrecord
-rw-rw-r-- 1 djbard djbard 513M May 22 11:41 2764.tfrecord
-rw-rw-r-- 1 djbard djbard 513M May 22 11:41 2763.tfrecord
-rw-rw-r-- 1 djbard djbard 513M May 22 11:41 2762.tfrecord
-rw-rw-r-- 1 djbard djbard 513M May 22 11:41 2761.tfrecord
-rw-rw-r-- 1 djbard djbard 513M May 22 11:41 2760.tfrecord
-rw-rw-r-- 1 djbard djbard 513M May 22 11:41 2759.tfrecord
-rw-rw-r-- 1 djbard djbard 513M May 22 11:41 2758.tfrecord
-rw-rw-r-- 1 djbard djbard 513M May 22 11:41 2757.tfrecord
-rw-rw-r-- 1 djbard djbard 513M May 22 11:41 2756.tfrecord
-rw-rw-r-- 1 djbard djbard 513M May 22 11:41 2755.tfrecord
-rw-rw-r-- 1 djbard djbard 513M May 22 11:41 2754.tfrecord
-rw-rw-r-- 1 djbard djbard 513M May 22 11:41 2753.tfrecord
-rw-rw-r-- 1 djbard djbard 513M May 22 11:41 2752.tfrecord
-rw-rw-r-- 1 djbard djbard 513M May 22 11:41 2751.tfrecord
-rw-rw-r-- 1 djbard djbard 513M May 22 11:41 2750.tfrecord
-rw-rw-r-- 1 djbard djbard 513M May 22 11:41 2749.tfrecord
-rw-rw-r-- 1 djbard djbard 513M May 22 11:41 2748.tfrecord
-rw-rw-r-- 1 djbard djbard 513M May 22 11:41 2747.tfrecord
-rw-rw-r-- 1 djbard djbard 513M May 22 11:41 2746.tfrecord
-rw-rw-r-- 1 djbard djbard 513M May 22 11:41 2745.tfrecord
-rw-rw-r-- 1 djbard djbard 513M May 22 11:41 2744.tfrecord
-rw-rw-r-- 1 djbard djbard 513M May 22 11:41 2743.tfrecord
-rw-rw-r-- 1 djbard djbard 513M May 22 11:41 2742.tfrecord
-rw-rw-r-- 1 djbard djbard 513M May 22 11:41 2741.tfrecord
-rw-rw-r-- 1 djbard djbard 513M May 22 11:41 2740.tfrecord
-rw-rw-r-- 1 djbard djbard 513M May 22 11:41 2739.tfrecord
-rw-rw-r-- 1 djbard djbard 513M May 22 11:41 2738.tfrecord
-rw-rw-r-- 1 djbard djbard 513M May 22 11:41 2737.tfrecord
-rw-rw-r-- 1 djbard djbard 513M May 22 11:41 2736.tfrecord
-rw-rw-r-- 1 djbard djbard 513M May 22 11:41 2735.tfrecord
-rw-rw-r-- 1 djbard djbard 513M May 22 11:41 2734.tfrecord
-rw-rw-r-- 1 djbard djbard 513M May 22 11:41 2733.tfrecord
-rw-rw-r-- 1 djbard djbard 513M May 22 11:41 2732.tfrecord
-rw-rw-r-- 1 djbard djbard 513M May 22 11:41 2731.tfrecord
-rw-rw-r-- 1 djbard djbard 513M May 22 11:41 2730.tfrecord
-rw-rw-r-- 1 djbard djbard 513M May 22 11:41 2729.tfrecord
-rw-rw-r-- 1 djbard djbard 513M May 22 11:41 2728.tfrecord
-rw-rw-r-- 1 djbard djbard 513M May 22 11:41 2727.tfrecord
-rw-rw-r-- 1 djbard djbard 513M May 22 11:41 2726.tfrecord
-rw-rw-r-- 1 djbard djbard 513M May 22 11:41 2725.tfrecord
-rw-rw-r-- 1 djbard djbard 513M May 22 11:41 2724.tfrecord
-rw-rw-r-- 1 djbard djbard 513M May 22 11:41 2723.tfrecord
-rw-rw-r-- 1 djbard djbard 513M May 22 11:41 2722.tfrecord
-rw-rw-r-- 1 djbard djbard 513M May 22 11:41 2721.tfrecord
-rw-rw-r-- 1 djbard djbard 513M May 22 11:41 2720.tfrecord
-rw-rw-r-- 1 djbard djbard 513M May 22 11:41 2719.tfrecord
-rw-rw-r-- 1 djbard djbard 513M May 22 11:41 2718.tfrecord
-rw-rw-r-- 1 djbard djbard 513M May 22 11:41 2717.tfrecord
-rw-rw-r-- 1 djbard djbard 513M May 22 11:41 2716.tfrecord
-rw-rw-r-- 1 djbard djbard 513M May 22 11:41 2715.tfrecord
-rw-rw-r-- 1 djbard djbard 513M May 22 11:41 2714.tfrecord
-rw-rw-r-- 1 djbard djbard 513M May 22 11:41 2713.tfrecord
-rw-rw-r-- 1 djbard djbard 513M May 22 11:41 2712.tfrecord
-rw-rw-r-- 1 djbard djbard 513M May 22 11:41 2711.tfrecord
-rw-rw-r-- 1 djbard djbard 513M May 22 11:41 2710.tfrecord
-rw-rw-r-- 1 djbard djbard 513M May 22 11:41 2709.tfrecord
-rw-rw-r-- 1 djbard djbard 513M May 22 11:41 2708.tfrecord
-rw-rw-r-- 1 djbard djbard 513M May 22 11:41 2707.tfrecord
-rw-rw-r-- 1 djbard djbard 513M May 22 11:41 2706.tfrecord
-rw-rw-r-- 1 djbard djbard 513M May 22 11:41 2705.tfrecord
-rw-rw-r-- 1 djbard djbard 513M May 22 11:41 2704.tfrecord
-rw-rw-r-- 1 djbard djbard 513M May 22 11:41 2703.tfrecord
-rw-rw-r-- 1 djbard djbard 513M May 22 11:41 2702.tfrecord
-rw-rw-r-- 1 djbard djbard 513M May 22 11:41 2701.tfrecord
-rw-rw-r-- 1 djbard djbard 513M May 22 11:41 2700.tfrecord
-rw-rw-r-- 1 djbard djbard 513M May 22 11:41 2699.tfrecord
-rw-rw-r-- 1 djbard djbard 513M May 22 11:41 2698.tfrecord
-rw-rw-r-- 1 djbard djbard 513M May 22 11:41 2697.tfrecord
-rw-rw-r-- 1 djbard djbard 513M May 22 11:41 2696.tfrecord
-rw-rw-r-- 1 djbard djbard 513M May 22 11:41 2695.tfrecord
-rw-rw-r-- 1 djbard djbard 513M May 22 11:41 2694.tfrecord
-rw-rw-r-- 1 djbard djbard 513M May 22 11:41 2693.tfrecord
-rw-rw-r-- 1 djbard djbard 513M May 22 11:41 2692.tfrecord
-rw-rw-r-- 1 djbard djbard 513M May 22 11:41 2691.tfrecord
-rw-rw-r-- 1 djbard djbard 513M May 22 11:41 2690.tfrecord
-rw-rw-r-- 1 djbard djbard 513M May 22 11:41 2689.tfrecord
-rw-rw-r-- 1 djbard djbard 513M May 22 11:41 2688.tfrecord
-rw-rw-r-- 1 djbard djbard 513M May 22 11:41 2687.tfrecord
-rw-rw-r-- 1 djbard djbard 513M May 22 11:41 2686.tfrecord
-rw-rw-r-- 1 djbard djbard 513M May 22 11:41 2685.tfrecord
-rw-rw-r-- 1 djbard djbard 513M May 22 11:41 2684.tfrecord
-rw-rw-r-- 1 djbard djbard 513M May 22 11:41 2683.tfrecord
-rw-rw-r-- 1 djbard djbard 513M May 22 11:41 2682.tfrecord
-rw-rw-r-- 1 djbard djbard 513M May 22 11:41 2681.tfrecord
-rw-rw-r-- 1 djbard djbard 513M May 22 11:41 2680.tfrecord
-rw-rw-r-- 1 djbard djbard 513M May 22 11:41 2679.tfrecord
-rw-rw-r-- 1 djbard djbard 513M May 22 11:41 2678.tfrecord
-rw-rw-r-- 1 djbard djbard 513M May 22 11:41 2677.tfrecord
-rw-rw-r-- 1 djbard djbard 513M May 22 11:41 2676.tfrecord
-rw-rw-r-- 1 djbard djbard 513M May 22 11:41 2675.tfrecord
-rw-rw-r-- 1 djbard djbard 513M May 22 11:41 2674.tfrecord
-rw-rw-r-- 1 djbard djbard 513M May 22 11:41 2673.tfrecord
-rw-rw-r-- 1 djbard djbard 513M May 22 11:41 2672.tfrecord
-rw-rw-r-- 1 djbard djbard 513M May 22 11:41 2671.tfrecord
-rw-rw-r-- 1 djbard djbard 513M May 22 11:41 2670.tfrecord
-rw-rw-r-- 1 djbard djbard 513M May 22 11:41 2669.tfrecord
-rw-rw-r-- 1 djbard djbard 513M May 22 11:41 2668.tfrecord
-rw-rw-r-- 1 djbard djbard 513M May 22 11:41 2667.tfrecord
-rw-rw-r-- 1 djbard djbard 513M May 22 11:41 2666.tfrecord
-rw-rw-r-- 1 djbard djbard 513M May 22 11:41 2665.tfrecord
-rw-rw-r-- 1 djbard djbard 513M May 22 11:41 2664.tfrecord
-rw-rw-r-- 1 djbard djbard 513M May 22 11:41 2663.tfrecord
-rw-rw-r-- 1 djbard djbard 513M May 22 11:41 2662.tfrecord
-rw-rw-r-- 1 djbard djbard 513M May 22 11:41 2661.tfrecord
-rw-rw-r-- 1 djbard djbard 513M May 22 11:41 2660.tfrecord
-rw-rw-r-- 1 djbard djbard 513M May 22 11:41 2659.tfrecord
-rw-rw-r-- 1 djbard djbard 513M May 22 11:41 2658.tfrecord
  
   2661   23942  155818
  
  
